<?xml version="1.0" encoding="UTF-8"?>
<testng-results skipped="0" failed="0" ignored="33" total="34" passed="1">
  <reporter-output>
  </reporter-output>
  <suite name="Default suite" duration-ms="1249" started-at="2017-09-22T09:23:38Z" finished-at="2017-09-22T09:23:39Z">
    <groups>
    </groups>
    <test name="Default test" duration-ms="1249" started-at="2017-09-22T09:23:38Z" finished-at="2017-09-22T09:23:39Z">
      <class name="com.coderdream.excavator.service.ExcavatorServiceTest">
        <test-method status="PASS" signature="setUp()[pri:0, instance:com.coderdream.excavator.service.ExcavatorServiceTest@57855c9a]" name="setUp" is-config="true" duration-ms="7" started-at="2017-09-22T17:23:38Z" finished-at="2017-09-22T17:23:38Z">
          <reporter-output>
          </reporter-output>
        </test-method> <!-- setUp -->
        <test-method status="PASS" signature="testGetIncomeAmount_01()[pri:0, instance:com.coderdream.excavator.service.ExcavatorServiceTest@57855c9a]" name="testGetIncomeAmount_01" duration-ms="1225" started-at="2017-09-22T17:23:38Z" finished-at="2017-09-22T17:23:39Z">
          <reporter-output>
          </reporter-output>
        </test-method> <!-- testGetIncomeAmount_01 -->
      </class> <!-- com.coderdream.excavator.service.ExcavatorServiceTest -->
    </test> <!-- Default test -->
  </suite> <!-- Default suite -->
</testng-results>
