<?xml version="1.0" encoding="UTF-8"?>
<!-- Generated by org.testng.reporters.JUnitXMLReporter -->
<testsuite hostname="DESKTOP-LPF6O7D" ignored="48" name="Default test" tests="1" failures="0" timestamp="05 十月 2017 02:30:53 GMT" time="6.592" errors="0">
  <testcase name="testGetWorkDayAmountByMonth_01" time="6.475" classname="com.coderdream.excavator.service.ExcavatorServiceTest"/>
  <testcase name="testGetSumGrossIncome_04" time="0.0" classname="com.coderdream.excavator.service.ExcavatorServiceTest">
    <ignored/>
  </testcase> <!-- testGetSumGrossIncome_04 -->
  <testcase name="testGetSumGrossIncome_02" time="0.0" classname="com.coderdream.excavator.service.ExcavatorServiceTest">
    <ignored/>
  </testcase> <!-- testGetSumGrossIncome_02 -->
  <testcase name="testGetSumGrossIncome_01" time="0.0" classname="com.coderdream.excavator.service.ExcavatorServiceTest">
    <ignored/>
  </testcase> <!-- testGetSumGrossIncome_01 -->
  <testcase name="testGetDailyGrossIncome_01" time="0.0" classname="com.coderdream.excavator.service.ExcavatorServiceTest">
    <ignored/>
  </testcase> <!-- testGetDailyGrossIncome_01 -->
  <testcase name="testGetSumGrossIncome_03" time="0.0" classname="com.coderdream.excavator.service.ExcavatorServiceTest">
    <ignored/>
  </testcase> <!-- testGetSumGrossIncome_03 -->
  <testcase name="testGetDailyGrossIncome_02" time="0.0" classname="com.coderdream.excavator.service.ExcavatorServiceTest">
    <ignored/>
  </testcase> <!-- testGetDailyGrossIncome_02 -->
  <testcase name="testGetWorkDayAmount_02" time="0.0" classname="com.coderdream.excavator.service.ExcavatorServiceTest">
    <ignored/>
  </testcase> <!-- testGetWorkDayAmount_02 -->
  <testcase name="testGetWorkDayAmount_01" time="0.0" classname="com.coderdream.excavator.service.ExcavatorServiceTest">
    <ignored/>
  </testcase> <!-- testGetWorkDayAmount_01 -->
  <testcase name="testGetWorkDayAmount_03" time="0.0" classname="com.coderdream.excavator.service.ExcavatorServiceTest">
    <ignored/>
  </testcase> <!-- testGetWorkDayAmount_03 -->
  <testcase name="testGetWorkDayIncomeByMonth_02" time="0.0" classname="com.coderdream.excavator.service.ExcavatorServiceTest">
    <ignored/>
  </testcase> <!-- testGetWorkDayIncomeByMonth_02 -->
  <testcase name="testGetShiftList_02" time="0.0" classname="com.coderdream.excavator.service.ExcavatorServiceTest">
    <ignored/>
  </testcase> <!-- testGetShiftList_02 -->
  <testcase name="testGetIncomeAmount_02" time="0.0" classname="com.coderdream.excavator.service.ExcavatorServiceTest">
    <ignored/>
  </testcase> <!-- testGetIncomeAmount_02 -->
  <testcase name="testGasFee_02" time="0.0" classname="com.coderdream.excavator.service.ExcavatorServiceTest">
    <ignored/>
  </testcase> <!-- testGasFee_02 -->
  <testcase name="testGasFee_01" time="0.0" classname="com.coderdream.excavator.service.ExcavatorServiceTest">
    <ignored/>
  </testcase> <!-- testGasFee_01 -->
  <testcase name="testGetNetProfit_01" time="0.0" classname="com.coderdream.excavator.service.ExcavatorServiceTest">
    <ignored/>
  </testcase> <!-- testGetNetProfit_01 -->
  <testcase name="testGetMonthlyIncome_01" time="0.0" classname="com.coderdream.excavator.service.ExcavatorServiceTest">
    <ignored/>
  </testcase> <!-- testGetMonthlyIncome_01 -->
  <testcase name="testGetIncomeAmount_01" time="0.0" classname="com.coderdream.excavator.service.ExcavatorServiceTest">
    <ignored/>
  </testcase> <!-- testGetIncomeAmount_01 -->
  <testcase name="testGetIncomeAmount_03" time="0.0" classname="com.coderdream.excavator.service.ExcavatorServiceTest">
    <ignored/>
  </testcase> <!-- testGetIncomeAmount_03 -->
  <testcase name="testGetIncomeAmount_04" time="0.0" classname="com.coderdream.excavator.service.ExcavatorServiceTest">
    <ignored/>
  </testcase> <!-- testGetIncomeAmount_04 -->
  <testcase name="testGetLoadingList_02" time="0.0" classname="com.coderdream.excavator.service.ExcavatorServiceTest">
    <ignored/>
  </testcase> <!-- testGetLoadingList_02 -->
  <testcase name="testGetNetProfit_03" time="0.0" classname="com.coderdream.excavator.service.ExcavatorServiceTest">
    <ignored/>
  </testcase> <!-- testGetNetProfit_03 -->
  <testcase name="testGetIncomeAmount_05" time="0.0" classname="com.coderdream.excavator.service.ExcavatorServiceTest">
    <ignored/>
  </testcase> <!-- testGetIncomeAmount_05 -->
  <testcase name="testGetGrossProfit_01" time="0.0" classname="com.coderdream.excavator.service.ExcavatorServiceTest">
    <ignored/>
  </testcase> <!-- testGetGrossProfit_01 -->
  <testcase name="testGetNetProfit_02" time="0.0" classname="com.coderdream.excavator.service.ExcavatorServiceTest">
    <ignored/>
  </testcase> <!-- testGetNetProfit_02 -->
  <testcase name="testGetAverageDailyGrossIncome_03" time="0.0" classname="com.coderdream.excavator.service.ExcavatorServiceTest">
    <ignored/>
  </testcase> <!-- testGetAverageDailyGrossIncome_03 -->
  <testcase name="testGetSettlingChargeAmountByLocation_01" time="0.0" classname="com.coderdream.excavator.service.ExcavatorServiceTest">
    <ignored/>
  </testcase> <!-- testGetSettlingChargeAmountByLocation_01 -->
  <testcase name="testGetAverageDailyGrossIncome_01" time="0.0" classname="com.coderdream.excavator.service.ExcavatorServiceTest">
    <ignored/>
  </testcase> <!-- testGetAverageDailyGrossIncome_01 -->
  <testcase name="testGetGrossProfitByLocation_01" time="0.0" classname="com.coderdream.excavator.service.ExcavatorServiceTest">
    <ignored/>
  </testcase> <!-- testGetGrossProfitByLocation_01 -->
  <testcase name="testGetSettlingChargeAmountByLocation_03" time="0.0" classname="com.coderdream.excavator.service.ExcavatorServiceTest">
    <ignored/>
  </testcase> <!-- testGetSettlingChargeAmountByLocation_03 -->
  <testcase name="testGetGrossProfitByLocation_03" time="0.0" classname="com.coderdream.excavator.service.ExcavatorServiceTest">
    <ignored/>
  </testcase> <!-- testGetGrossProfitByLocation_03 -->
  <testcase name="testGetSettlingChargeAmountByLocation_02" time="0.0" classname="com.coderdream.excavator.service.ExcavatorServiceTest">
    <ignored/>
  </testcase> <!-- testGetSettlingChargeAmountByLocation_02 -->
  <testcase name="testGetGrossProfitByLocation_02" time="0.0" classname="com.coderdream.excavator.service.ExcavatorServiceTest">
    <ignored/>
  </testcase> <!-- testGetGrossProfitByLocation_02 -->
  <testcase name="testGetSettlingChargeByLocation_02" time="0.0" classname="com.coderdream.excavator.service.ExcavatorServiceTest">
    <ignored/>
  </testcase> <!-- testGetSettlingChargeByLocation_02 -->
  <testcase name="testGetSettlingChargeByLocation_03" time="0.0" classname="com.coderdream.excavator.service.ExcavatorServiceTest">
    <ignored/>
  </testcase> <!-- testGetSettlingChargeByLocation_03 -->
  <testcase name="testGetGrossProfit_02" time="0.0" classname="com.coderdream.excavator.service.ExcavatorServiceTest">
    <ignored/>
  </testcase> <!-- testGetGrossProfit_02 -->
  <testcase name="testGetGrossProfitByLocation_04" time="0.0" classname="com.coderdream.excavator.service.ExcavatorServiceTest">
    <ignored/>
  </testcase> <!-- testGetGrossProfitByLocation_04 -->
  <testcase name="testGetSettlingChargeByLocation_01" time="0.0" classname="com.coderdream.excavator.service.ExcavatorServiceTest">
    <ignored/>
  </testcase> <!-- testGetSettlingChargeByLocation_01 -->
  <testcase name="testGetExcavatorList" time="0.0" classname="com.coderdream.excavator.service.ExcavatorServiceTest">
    <ignored/>
  </testcase> <!-- testGetExcavatorList -->
  <testcase name="testGetOutputRate_03" time="0.0" classname="com.coderdream.excavator.service.ExcavatorServiceTest">
    <ignored/>
  </testcase> <!-- testGetOutputRate_03 -->
  <testcase name="testGetAverageGrossProfitByLocation_03" time="0.0" classname="com.coderdream.excavator.service.ExcavatorServiceTest">
    <ignored/>
  </testcase> <!-- testGetAverageGrossProfitByLocation_03 -->
  <testcase name="testGetOutputRate_01" time="0.0" classname="com.coderdream.excavator.service.ExcavatorServiceTest">
    <ignored/>
  </testcase> <!-- testGetOutputRate_01 -->
  <testcase name="testGetAverageGrossProfitByLocation_01" time="0.0" classname="com.coderdream.excavator.service.ExcavatorServiceTest">
    <ignored/>
  </testcase> <!-- testGetAverageGrossProfitByLocation_01 -->
  <testcase name="testGetAverageGrossProfitByLocation_02" time="0.0" classname="com.coderdream.excavator.service.ExcavatorServiceTest">
    <ignored/>
  </testcase> <!-- testGetAverageGrossProfitByLocation_02 -->
  <testcase name="testGetShiftList" time="0.0" classname="com.coderdream.excavator.service.ExcavatorServiceTest">
    <ignored/>
  </testcase> <!-- testGetShiftList -->
  <testcase name="testGetLoadingList" time="0.0" classname="com.coderdream.excavator.service.ExcavatorServiceTest">
    <ignored/>
  </testcase> <!-- testGetLoadingList -->
  <testcase name="testGetOutputRate_02" time="0.0" classname="com.coderdream.excavator.service.ExcavatorServiceTest">
    <ignored/>
  </testcase> <!-- testGetOutputRate_02 -->
  <testcase name="testGetAverageDailyGrossIncome_02" time="0.0" classname="com.coderdream.excavator.service.ExcavatorServiceTest">
    <ignored/>
  </testcase> <!-- testGetAverageDailyGrossIncome_02 -->
  <testcase name="testGetAverageGrossProfitByLocation_04" time="0.0" classname="com.coderdream.excavator.service.ExcavatorServiceTest">
    <ignored/>
  </testcase> <!-- testGetAverageGrossProfitByLocation_04 -->
</testsuite> <!-- Default test -->
